14:59:11.608 [JavaFX Application Thread] DEBUG com.j256.ormlite.dao.DaoManager - created dao for class class production.bussines_contacts.models.Company with reflection
14:59:11.612 [JavaFX Application Thread] DEBUG c.j256.ormlite.stmt.StatementBuilder - built statement SELECT * FROM `companies`
14:59:11.692 [JavaFX Application Thread] DEBUG c.j.o.jdbc.BaseJdbcConnectionSource - opened connection to jdbc:h2:tcp://localhost/~/business_contacts got #637709466
14:59:11.700 [JavaFX Application Thread] DEBUG c.j.o.s.mapped.BaseMappedStatement - prepared statement 'SELECT * FROM `companies`' with 0 args
14:59:11.707 [JavaFX Application Thread] DEBUG com.j256.ormlite.stmt.SelectIterator - starting iterator @1468395896 for 'SELECT * FROM `companies`'
14:59:11.715 [JavaFX Application Thread] DEBUG com.j256.ormlite.stmt.SelectIterator - closed iterator @1468395896 after 27 rows
14:59:11.715 [JavaFX Application Thread] DEBUG c.j.ormlite.stmt.StatementExecutor - query of 'SELECT * FROM `companies`' with 0 args returned 27 results
15:00:56.598 [JavaFX Application Thread] DEBUG com.j256.ormlite.dao.DaoManager - created dao for class class production.bussines_contacts.models.Company with reflection
15:00:56.602 [JavaFX Application Thread] DEBUG c.j256.ormlite.stmt.StatementBuilder - built statement SELECT * FROM `companies`
15:00:56.677 [JavaFX Application Thread] DEBUG c.j.o.jdbc.BaseJdbcConnectionSource - opened connection to jdbc:h2:tcp://localhost/~/business_contacts got #2090688447
15:00:56.684 [JavaFX Application Thread] DEBUG c.j.o.s.mapped.BaseMappedStatement - prepared statement 'SELECT * FROM `companies`' with 0 args
15:00:56.693 [JavaFX Application Thread] DEBUG com.j256.ormlite.stmt.SelectIterator - starting iterator @649540813 for 'SELECT * FROM `companies`'
15:00:56.701 [JavaFX Application Thread] DEBUG com.j256.ormlite.stmt.SelectIterator - closed iterator @649540813 after 27 rows
15:00:56.701 [JavaFX Application Thread] DEBUG c.j.ormlite.stmt.StatementExecutor - query of 'SELECT * FROM `companies`' with 0 args returned 27 results
15:02:29.294 [JavaFX Application Thread] DEBUG com.j256.ormlite.dao.DaoManager - created dao for class class production.bussines_contacts.models.Company with reflection
15:02:29.297 [JavaFX Application Thread] DEBUG c.j256.ormlite.stmt.StatementBuilder - built statement SELECT * FROM `companies`
15:02:29.366 [JavaFX Application Thread] DEBUG c.j.o.jdbc.BaseJdbcConnectionSource - opened connection to jdbc:h2:tcp://localhost/~/business_contacts got #2090688447
15:02:29.371 [JavaFX Application Thread] DEBUG c.j.o.s.mapped.BaseMappedStatement - prepared statement 'SELECT * FROM `companies`' with 0 args
15:02:29.377 [JavaFX Application Thread] DEBUG com.j256.ormlite.stmt.SelectIterator - starting iterator @649540813 for 'SELECT * FROM `companies`'
15:02:29.387 [JavaFX Application Thread] DEBUG com.j256.ormlite.stmt.SelectIterator - closed iterator @649540813 after 27 rows
15:02:29.387 [JavaFX Application Thread] DEBUG c.j.ormlite.stmt.StatementExecutor - query of 'SELECT * FROM `companies`' with 0 args returned 27 results
15:05:11.386 [JavaFX Application Thread] DEBUG com.j256.ormlite.dao.DaoManager - created dao for class class production.bussines_contacts.models.Company with reflection
15:05:11.389 [JavaFX Application Thread] DEBUG c.j256.ormlite.stmt.StatementBuilder - built statement SELECT * FROM `companies`
15:05:11.462 [JavaFX Application Thread] DEBUG c.j.o.jdbc.BaseJdbcConnectionSource - opened connection to jdbc:h2:tcp://localhost/~/business_contacts got #2090688447
15:05:11.471 [JavaFX Application Thread] DEBUG c.j.o.s.mapped.BaseMappedStatement - prepared statement 'SELECT * FROM `companies`' with 0 args
15:05:11.477 [JavaFX Application Thread] DEBUG com.j256.ormlite.stmt.SelectIterator - starting iterator @649540813 for 'SELECT * FROM `companies`'
15:05:11.484 [JavaFX Application Thread] DEBUG com.j256.ormlite.stmt.SelectIterator - closed iterator @649540813 after 27 rows
15:05:11.484 [JavaFX Application Thread] DEBUG c.j.ormlite.stmt.StatementExecutor - query of 'SELECT * FROM `companies`' with 0 args returned 27 results
15:09:33.328 [JavaFX Application Thread] DEBUG com.j256.ormlite.dao.DaoManager - created dao for class class production.bussines_contacts.models.Company with reflection
15:09:33.331 [JavaFX Application Thread] DEBUG c.j256.ormlite.stmt.StatementBuilder - built statement SELECT * FROM `companies`
15:09:33.437 [JavaFX Application Thread] DEBUG c.j.o.jdbc.BaseJdbcConnectionSource - opened connection to jdbc:h2:tcp://localhost/~/business_contacts got #2090688447
15:09:33.446 [JavaFX Application Thread] DEBUG c.j.o.s.mapped.BaseMappedStatement - prepared statement 'SELECT * FROM `companies`' with 0 args
15:09:33.454 [JavaFX Application Thread] DEBUG com.j256.ormlite.stmt.SelectIterator - starting iterator @649540813 for 'SELECT * FROM `companies`'
15:09:33.462 [JavaFX Application Thread] DEBUG com.j256.ormlite.stmt.SelectIterator - closed iterator @649540813 after 27 rows
15:09:33.462 [JavaFX Application Thread] DEBUG c.j.ormlite.stmt.StatementExecutor - query of 'SELECT * FROM `companies`' with 0 args returned 27 results
15:10:08.306 [JavaFX Application Thread] DEBUG c.j.o.s.mapped.BaseMappedStatement - prepared statement 'SELECT * FROM `companies`' with 0 args
15:10:08.307 [JavaFX Application Thread] DEBUG com.j256.ormlite.stmt.SelectIterator - starting iterator @1989578288 for 'SELECT * FROM `companies`'
15:10:08.308 [JavaFX Application Thread] DEBUG com.j256.ormlite.stmt.SelectIterator - closed iterator @1989578288 after 27 rows
15:10:08.308 [JavaFX Application Thread] DEBUG c.j.ormlite.stmt.StatementExecutor - query of 'SELECT * FROM `companies`' with 0 args returned 27 results
15:10:08.309 [JavaFX Application Thread] DEBUG c.j.o.s.mapped.BaseMappedStatement - prepared statement 'SELECT * FROM `companies`' with 0 args
15:10:08.310 [JavaFX Application Thread] DEBUG com.j256.ormlite.stmt.SelectIterator - starting iterator @1407278482 for 'SELECT * FROM `companies`'
15:10:08.311 [JavaFX Application Thread] DEBUG com.j256.ormlite.stmt.SelectIterator - closed iterator @1407278482 after 27 rows
15:10:08.311 [JavaFX Application Thread] DEBUG c.j.ormlite.stmt.StatementExecutor - query of 'SELECT * FROM `companies`' with 0 args returned 27 results
15:10:08.311 [JavaFX Application Thread] DEBUG c.j.o.s.mapped.BaseMappedStatement - prepared statement 'SELECT * FROM `companies`' with 0 args
15:10:08.312 [JavaFX Application Thread] DEBUG com.j256.ormlite.stmt.SelectIterator - starting iterator @1111738051 for 'SELECT * FROM `companies`'
15:10:08.320 [JavaFX Application Thread] DEBUG com.j256.ormlite.stmt.SelectIterator - closed iterator @1111738051 after 27 rows
15:10:08.321 [JavaFX Application Thread] DEBUG c.j.ormlite.stmt.StatementExecutor - query of 'SELECT * FROM `companies`' with 0 args returned 27 results
15:10:08.322 [JavaFX Application Thread] DEBUG c.j.o.s.mapped.BaseMappedStatement - prepared statement 'SELECT * FROM `companies`' with 0 args
15:10:08.324 [JavaFX Application Thread] DEBUG com.j256.ormlite.stmt.SelectIterator - starting iterator @113092427 for 'SELECT * FROM `companies`'
15:10:08.329 [JavaFX Application Thread] DEBUG com.j256.ormlite.stmt.SelectIterator - closed iterator @113092427 after 27 rows
15:10:08.330 [JavaFX Application Thread] DEBUG c.j.ormlite.stmt.StatementExecutor - query of 'SELECT * FROM `companies`' with 0 args returned 27 results
15:10:08.330 [JavaFX Application Thread] DEBUG c.j.o.s.mapped.BaseMappedStatement - prepared statement 'SELECT * FROM `companies`' with 0 args
15:10:08.331 [JavaFX Application Thread] DEBUG com.j256.ormlite.stmt.SelectIterator - starting iterator @915202370 for 'SELECT * FROM `companies`'
15:10:08.332 [JavaFX Application Thread] DEBUG com.j256.ormlite.stmt.SelectIterator - closed iterator @915202370 after 27 rows
15:10:08.332 [JavaFX Application Thread] DEBUG c.j.ormlite.stmt.StatementExecutor - query of 'SELECT * FROM `companies`' with 0 args returned 27 results
15:10:08.332 [JavaFX Application Thread] DEBUG c.j.o.s.mapped.BaseMappedStatement - prepared statement 'SELECT * FROM `companies`' with 0 args
15:10:08.333 [JavaFX Application Thread] DEBUG com.j256.ormlite.stmt.SelectIterator - starting iterator @2069843710 for 'SELECT * FROM `companies`'
15:10:08.334 [JavaFX Application Thread] DEBUG com.j256.ormlite.stmt.SelectIterator - closed iterator @2069843710 after 27 rows
15:10:08.334 [JavaFX Application Thread] DEBUG c.j.ormlite.stmt.StatementExecutor - query of 'SELECT * FROM `companies`' with 0 args returned 27 results
15:10:08.334 [JavaFX Application Thread] DEBUG c.j.o.s.mapped.BaseMappedStatement - prepared statement 'SELECT * FROM `companies`' with 0 args
15:10:08.335 [JavaFX Application Thread] DEBUG com.j256.ormlite.stmt.SelectIterator - starting iterator @2141532322 for 'SELECT * FROM `companies`'
15:10:08.336 [JavaFX Application Thread] DEBUG com.j256.ormlite.stmt.SelectIterator - closed iterator @2141532322 after 27 rows
15:10:08.336 [JavaFX Application Thread] DEBUG c.j.ormlite.stmt.StatementExecutor - query of 'SELECT * FROM `companies`' with 0 args returned 27 results
15:10:08.337 [JavaFX Application Thread] DEBUG c.j.o.s.mapped.BaseMappedStatement - prepared statement 'SELECT * FROM `companies`' with 0 args
15:10:08.339 [JavaFX Application Thread] DEBUG com.j256.ormlite.stmt.SelectIterator - starting iterator @398979735 for 'SELECT * FROM `companies`'
15:10:08.340 [JavaFX Application Thread] DEBUG com.j256.ormlite.stmt.SelectIterator - closed iterator @398979735 after 27 rows
15:10:08.340 [JavaFX Application Thread] DEBUG c.j.ormlite.stmt.StatementExecutor - query of 'SELECT * FROM `companies`' with 0 args returned 27 results
15:10:08.341 [JavaFX Application Thread] DEBUG c.j.o.s.mapped.BaseMappedStatement - prepared statement 'SELECT * FROM `companies`' with 0 args
15:10:08.341 [JavaFX Application Thread] DEBUG com.j256.ormlite.stmt.SelectIterator - starting iterator @1183877084 for 'SELECT * FROM `companies`'
15:10:08.343 [JavaFX Application Thread] DEBUG com.j256.ormlite.stmt.SelectIterator - closed iterator @1183877084 after 27 rows
15:10:08.343 [JavaFX Application Thread] DEBUG c.j.ormlite.stmt.StatementExecutor - query of 'SELECT * FROM `companies`' with 0 args returned 27 results
15:10:08.343 [JavaFX Application Thread] DEBUG c.j.o.s.mapped.BaseMappedStatement - prepared statement 'SELECT * FROM `companies`' with 0 args
15:10:08.344 [JavaFX Application Thread] DEBUG com.j256.ormlite.stmt.SelectIterator - starting iterator @1203308878 for 'SELECT * FROM `companies`'
15:10:08.345 [JavaFX Application Thread] DEBUG com.j256.ormlite.stmt.SelectIterator - closed iterator @1203308878 after 27 rows
15:10:08.345 [JavaFX Application Thread] DEBUG c.j.ormlite.stmt.StatementExecutor - query of 'SELECT * FROM `companies`' with 0 args returned 27 results
16:04:41.543 [JavaFX Application Thread] DEBUG com.j256.ormlite.dao.DaoManager - created dao for class class production.bussines_contacts.models.Company with reflection
16:04:41.546 [JavaFX Application Thread] DEBUG c.j256.ormlite.stmt.StatementBuilder - built statement SELECT * FROM `companies`
16:04:41.637 [JavaFX Application Thread] DEBUG c.j.o.jdbc.BaseJdbcConnectionSource - opened connection to jdbc:h2:tcp://localhost/~/business_contacts got #2090688447
16:04:41.644 [JavaFX Application Thread] DEBUG c.j.o.s.mapped.BaseMappedStatement - prepared statement 'SELECT * FROM `companies`' with 0 args
16:04:41.652 [JavaFX Application Thread] DEBUG com.j256.ormlite.stmt.SelectIterator - starting iterator @649540813 for 'SELECT * FROM `companies`'
16:04:41.662 [JavaFX Application Thread] DEBUG com.j256.ormlite.stmt.SelectIterator - closed iterator @649540813 after 27 rows
16:04:41.662 [JavaFX Application Thread] DEBUG c.j.ormlite.stmt.StatementExecutor - query of 'SELECT * FROM `companies`' with 0 args returned 27 results
16:05:18.491 [JavaFX Application Thread] DEBUG com.j256.ormlite.dao.DaoManager - created dao for class class production.bussines_contacts.models.Contact with reflection
16:05:18.491 [JavaFX Application Thread] DEBUG c.j256.ormlite.stmt.StatementBuilder - built statement SELECT * FROM `contacts`
16:05:18.492 [JavaFX Application Thread] DEBUG c.j.o.s.mapped.BaseMappedStatement - prepared statement 'SELECT * FROM `contacts`' with 0 args
16:05:18.493 [JavaFX Application Thread] DEBUG com.j256.ormlite.stmt.SelectIterator - starting iterator @1290420188 for 'SELECT * FROM `contacts`'
16:05:18.501 [JavaFX Application Thread] DEBUG c.j.o.s.mapped.BaseMappedStatement - query-for-id using 'SELECT * FROM `companies` WHERE `id` = ?' and 1 args, got 1 result
16:05:18.502 [JavaFX Application Thread] DEBUG c.j.o.s.mapped.BaseMappedStatement - query-for-id using 'SELECT * FROM `companies` WHERE `id` = ?' and 1 args, got 1 result
16:05:18.503 [JavaFX Application Thread] DEBUG c.j.o.s.mapped.BaseMappedStatement - query-for-id using 'SELECT * FROM `companies` WHERE `id` = ?' and 1 args, got 1 result
16:05:18.504 [JavaFX Application Thread] DEBUG c.j.o.s.mapped.BaseMappedStatement - query-for-id using 'SELECT * FROM `companies` WHERE `id` = ?' and 1 args, got 1 result
16:05:18.504 [JavaFX Application Thread] DEBUG c.j.o.s.mapped.BaseMappedStatement - query-for-id using 'SELECT * FROM `companies` WHERE `id` = ?' and 1 args, got 1 result
16:05:18.505 [JavaFX Application Thread] DEBUG c.j.o.s.mapped.BaseMappedStatement - query-for-id using 'SELECT * FROM `companies` WHERE `id` = ?' and 1 args, got 1 result
16:05:18.506 [JavaFX Application Thread] DEBUG c.j.o.s.mapped.BaseMappedStatement - query-for-id using 'SELECT * FROM `companies` WHERE `id` = ?' and 1 args, got 1 result
16:05:18.507 [JavaFX Application Thread] DEBUG c.j.o.s.mapped.BaseMappedStatement - query-for-id using 'SELECT * FROM `companies` WHERE `id` = ?' and 1 args, got 1 result
16:05:18.508 [JavaFX Application Thread] DEBUG c.j.o.s.mapped.BaseMappedStatement - query-for-id using 'SELECT * FROM `companies` WHERE `id` = ?' and 1 args, got 1 result
16:05:18.509 [JavaFX Application Thread] DEBUG c.j.o.s.mapped.BaseMappedStatement - query-for-id using 'SELECT * FROM `companies` WHERE `id` = ?' and 1 args, got 1 result
16:05:18.510 [JavaFX Application Thread] DEBUG c.j.o.s.mapped.BaseMappedStatement - query-for-id using 'SELECT * FROM `companies` WHERE `id` = ?' and 1 args, got 1 result
16:05:18.510 [JavaFX Application Thread] DEBUG c.j.o.s.mapped.BaseMappedStatement - query-for-id using 'SELECT * FROM `companies` WHERE `id` = ?' and 1 args, got 1 result
16:05:18.511 [JavaFX Application Thread] DEBUG c.j.o.s.mapped.BaseMappedStatement - query-for-id using 'SELECT * FROM `companies` WHERE `id` = ?' and 1 args, got 1 result
16:05:18.512 [JavaFX Application Thread] DEBUG c.j.o.s.mapped.BaseMappedStatement - query-for-id using 'SELECT * FROM `companies` WHERE `id` = ?' and 1 args, got 1 result
16:05:18.512 [JavaFX Application Thread] DEBUG c.j.o.s.mapped.BaseMappedStatement - query-for-id using 'SELECT * FROM `companies` WHERE `id` = ?' and 1 args, got 1 result
16:05:18.513 [JavaFX Application Thread] DEBUG c.j.o.s.mapped.BaseMappedStatement - query-for-id using 'SELECT * FROM `companies` WHERE `id` = ?' and 1 args, got 1 result
16:05:18.514 [JavaFX Application Thread] DEBUG c.j.o.s.mapped.BaseMappedStatement - query-for-id using 'SELECT * FROM `companies` WHERE `id` = ?' and 1 args, got 1 result
16:05:18.514 [JavaFX Application Thread] DEBUG c.j.o.s.mapped.BaseMappedStatement - query-for-id using 'SELECT * FROM `companies` WHERE `id` = ?' and 1 args, got 1 result
16:05:18.515 [JavaFX Application Thread] DEBUG c.j.o.s.mapped.BaseMappedStatement - query-for-id using 'SELECT * FROM `companies` WHERE `id` = ?' and 1 args, got 1 result
16:05:18.516 [JavaFX Application Thread] DEBUG c.j.o.s.mapped.BaseMappedStatement - query-for-id using 'SELECT * FROM `companies` WHERE `id` = ?' and 1 args, got 1 result
16:05:18.517 [JavaFX Application Thread] DEBUG c.j.o.s.mapped.BaseMappedStatement - query-for-id using 'SELECT * FROM `companies` WHERE `id` = ?' and 1 args, got 1 result
16:05:18.517 [JavaFX Application Thread] DEBUG c.j.o.s.mapped.BaseMappedStatement - query-for-id using 'SELECT * FROM `companies` WHERE `id` = ?' and 1 args, got 1 result
16:05:18.518 [JavaFX Application Thread] DEBUG c.j.o.s.mapped.BaseMappedStatement - query-for-id using 'SELECT * FROM `companies` WHERE `id` = ?' and 1 args, got 1 result
16:05:18.519 [JavaFX Application Thread] DEBUG c.j.o.s.mapped.BaseMappedStatement - query-for-id using 'SELECT * FROM `companies` WHERE `id` = ?' and 1 args, got 1 result
16:05:18.519 [JavaFX Application Thread] DEBUG c.j.o.s.mapped.BaseMappedStatement - query-for-id using 'SELECT * FROM `companies` WHERE `id` = ?' and 1 args, got 1 result
16:05:18.520 [JavaFX Application Thread] DEBUG c.j.o.s.mapped.BaseMappedStatement - query-for-id using 'SELECT * FROM `companies` WHERE `id` = ?' and 1 args, got 1 result
16:05:18.520 [JavaFX Application Thread] DEBUG c.j.o.s.mapped.BaseMappedStatement - query-for-id using 'SELECT * FROM `companies` WHERE `id` = ?' and 1 args, got 1 result
16:05:18.521 [JavaFX Application Thread] DEBUG c.j.o.s.mapped.BaseMappedStatement - query-for-id using 'SELECT * FROM `companies` WHERE `id` = ?' and 1 args, got 1 result
16:05:18.521 [JavaFX Application Thread] DEBUG com.j256.ormlite.stmt.SelectIterator - closed iterator @1290420188 after 28 rows
16:05:18.521 [JavaFX Application Thread] DEBUG c.j.ormlite.stmt.StatementExecutor - query of 'SELECT * FROM `contacts`' with 0 args returned 28 results
16:15:34.695 [JavaFX Application Thread] DEBUG com.j256.ormlite.dao.DaoManager - created dao for class class production.bussines_contacts.models.Company with reflection
16:15:34.699 [JavaFX Application Thread] DEBUG c.j256.ormlite.stmt.StatementBuilder - built statement SELECT * FROM `companies`
16:15:34.780 [JavaFX Application Thread] DEBUG c.j.o.jdbc.BaseJdbcConnectionSource - opened connection to jdbc:h2:tcp://localhost/~/business_contacts got #2090688447
16:15:34.787 [JavaFX Application Thread] DEBUG c.j.o.s.mapped.BaseMappedStatement - prepared statement 'SELECT * FROM `companies`' with 0 args
16:15:34.795 [JavaFX Application Thread] DEBUG com.j256.ormlite.stmt.SelectIterator - starting iterator @649540813 for 'SELECT * FROM `companies`'
16:15:34.807 [JavaFX Application Thread] DEBUG com.j256.ormlite.stmt.SelectIterator - closed iterator @649540813 after 27 rows
16:15:34.807 [JavaFX Application Thread] DEBUG c.j.ormlite.stmt.StatementExecutor - query of 'SELECT * FROM `companies`' with 0 args returned 27 results
16:36:04.217 [JavaFX Application Thread] DEBUG com.j256.ormlite.dao.DaoManager - created dao for class class production.bussines_contacts.models.Company with reflection
16:36:04.220 [JavaFX Application Thread] DEBUG c.j256.ormlite.stmt.StatementBuilder - built statement SELECT * FROM `companies`
16:36:04.293 [JavaFX Application Thread] DEBUG c.j.o.jdbc.BaseJdbcConnectionSource - opened connection to jdbc:h2:tcp://localhost/~/business_contacts got #1347885938
16:36:04.299 [JavaFX Application Thread] DEBUG c.j.o.s.mapped.BaseMappedStatement - prepared statement 'SELECT * FROM `companies`' with 0 args
16:36:04.305 [JavaFX Application Thread] DEBUG com.j256.ormlite.stmt.SelectIterator - starting iterator @1855239806 for 'SELECT * FROM `companies`'
16:36:04.312 [JavaFX Application Thread] DEBUG com.j256.ormlite.stmt.SelectIterator - closed iterator @1855239806 after 27 rows
16:36:04.312 [JavaFX Application Thread] DEBUG c.j.ormlite.stmt.StatementExecutor - query of 'SELECT * FROM `companies`' with 0 args returned 27 results
16:38:10.069 [JavaFX Application Thread] DEBUG com.j256.ormlite.dao.DaoManager - created dao for class class production.bussines_contacts.models.Company with reflection
16:38:10.073 [JavaFX Application Thread] DEBUG c.j256.ormlite.stmt.StatementBuilder - built statement SELECT * FROM `companies`
16:38:10.150 [JavaFX Application Thread] DEBUG c.j.o.jdbc.BaseJdbcConnectionSource - opened connection to jdbc:h2:tcp://localhost/~/business_contacts got #2090688447
16:38:10.157 [JavaFX Application Thread] DEBUG c.j.o.s.mapped.BaseMappedStatement - prepared statement 'SELECT * FROM `companies`' with 0 args
16:38:10.163 [JavaFX Application Thread] DEBUG com.j256.ormlite.stmt.SelectIterator - starting iterator @649540813 for 'SELECT * FROM `companies`'
16:38:10.171 [JavaFX Application Thread] DEBUG com.j256.ormlite.stmt.SelectIterator - closed iterator @649540813 after 27 rows
16:38:10.171 [JavaFX Application Thread] DEBUG c.j.ormlite.stmt.StatementExecutor - query of 'SELECT * FROM `companies`' with 0 args returned 27 results
16:38:41.837 [JavaFX Application Thread] DEBUG com.j256.ormlite.dao.DaoManager - created dao for class class production.bussines_contacts.models.Contact with reflection
16:38:41.837 [JavaFX Application Thread] DEBUG c.j256.ormlite.stmt.StatementBuilder - built statement SELECT * FROM `contacts`
16:38:41.838 [JavaFX Application Thread] DEBUG c.j.o.s.mapped.BaseMappedStatement - prepared statement 'SELECT * FROM `contacts`' with 0 args
16:38:41.839 [JavaFX Application Thread] DEBUG com.j256.ormlite.stmt.SelectIterator - starting iterator @511894552 for 'SELECT * FROM `contacts`'
16:38:41.845 [JavaFX Application Thread] DEBUG c.j.o.s.mapped.BaseMappedStatement - query-for-id using 'SELECT * FROM `companies` WHERE `id` = ?' and 1 args, got 1 result
16:38:41.846 [JavaFX Application Thread] DEBUG c.j.o.s.mapped.BaseMappedStatement - query-for-id using 'SELECT * FROM `companies` WHERE `id` = ?' and 1 args, got 1 result
16:38:41.847 [JavaFX Application Thread] DEBUG c.j.o.s.mapped.BaseMappedStatement - query-for-id using 'SELECT * FROM `companies` WHERE `id` = ?' and 1 args, got 1 result
16:38:41.848 [JavaFX Application Thread] DEBUG c.j.o.s.mapped.BaseMappedStatement - query-for-id using 'SELECT * FROM `companies` WHERE `id` = ?' and 1 args, got 1 result
16:38:41.848 [JavaFX Application Thread] DEBUG c.j.o.s.mapped.BaseMappedStatement - query-for-id using 'SELECT * FROM `companies` WHERE `id` = ?' and 1 args, got 1 result
16:38:41.849 [JavaFX Application Thread] DEBUG c.j.o.s.mapped.BaseMappedStatement - query-for-id using 'SELECT * FROM `companies` WHERE `id` = ?' and 1 args, got 1 result
16:38:41.850 [JavaFX Application Thread] DEBUG c.j.o.s.mapped.BaseMappedStatement - query-for-id using 'SELECT * FROM `companies` WHERE `id` = ?' and 1 args, got 1 result
16:38:41.851 [JavaFX Application Thread] DEBUG c.j.o.s.mapped.BaseMappedStatement - query-for-id using 'SELECT * FROM `companies` WHERE `id` = ?' and 1 args, got 1 result
16:38:41.851 [JavaFX Application Thread] DEBUG c.j.o.s.mapped.BaseMappedStatement - query-for-id using 'SELECT * FROM `companies` WHERE `id` = ?' and 1 args, got 1 result
16:38:41.852 [JavaFX Application Thread] DEBUG c.j.o.s.mapped.BaseMappedStatement - query-for-id using 'SELECT * FROM `companies` WHERE `id` = ?' and 1 args, got 1 result
16:38:41.853 [JavaFX Application Thread] DEBUG c.j.o.s.mapped.BaseMappedStatement - query-for-id using 'SELECT * FROM `companies` WHERE `id` = ?' and 1 args, got 1 result
16:38:41.854 [JavaFX Application Thread] DEBUG c.j.o.s.mapped.BaseMappedStatement - query-for-id using 'SELECT * FROM `companies` WHERE `id` = ?' and 1 args, got 1 result
16:38:41.855 [JavaFX Application Thread] DEBUG c.j.o.s.mapped.BaseMappedStatement - query-for-id using 'SELECT * FROM `companies` WHERE `id` = ?' and 1 args, got 1 result
16:38:41.856 [JavaFX Application Thread] DEBUG c.j.o.s.mapped.BaseMappedStatement - query-for-id using 'SELECT * FROM `companies` WHERE `id` = ?' and 1 args, got 1 result
16:38:41.856 [JavaFX Application Thread] DEBUG c.j.o.s.mapped.BaseMappedStatement - query-for-id using 'SELECT * FROM `companies` WHERE `id` = ?' and 1 args, got 1 result
16:38:41.857 [JavaFX Application Thread] DEBUG c.j.o.s.mapped.BaseMappedStatement - query-for-id using 'SELECT * FROM `companies` WHERE `id` = ?' and 1 args, got 1 result
16:38:41.857 [JavaFX Application Thread] DEBUG c.j.o.s.mapped.BaseMappedStatement - query-for-id using 'SELECT * FROM `companies` WHERE `id` = ?' and 1 args, got 1 result
16:38:41.858 [JavaFX Application Thread] DEBUG c.j.o.s.mapped.BaseMappedStatement - query-for-id using 'SELECT * FROM `companies` WHERE `id` = ?' and 1 args, got 1 result
16:38:41.859 [JavaFX Application Thread] DEBUG c.j.o.s.mapped.BaseMappedStatement - query-for-id using 'SELECT * FROM `companies` WHERE `id` = ?' and 1 args, got 1 result
16:38:41.860 [JavaFX Application Thread] DEBUG c.j.o.s.mapped.BaseMappedStatement - query-for-id using 'SELECT * FROM `companies` WHERE `id` = ?' and 1 args, got 1 result
16:38:41.860 [JavaFX Application Thread] DEBUG c.j.o.s.mapped.BaseMappedStatement - query-for-id using 'SELECT * FROM `companies` WHERE `id` = ?' and 1 args, got 1 result
16:38:41.861 [JavaFX Application Thread] DEBUG c.j.o.s.mapped.BaseMappedStatement - query-for-id using 'SELECT * FROM `companies` WHERE `id` = ?' and 1 args, got 1 result
16:38:41.861 [JavaFX Application Thread] DEBUG c.j.o.s.mapped.BaseMappedStatement - query-for-id using 'SELECT * FROM `companies` WHERE `id` = ?' and 1 args, got 1 result
16:38:41.862 [JavaFX Application Thread] DEBUG c.j.o.s.mapped.BaseMappedStatement - query-for-id using 'SELECT * FROM `companies` WHERE `id` = ?' and 1 args, got 1 result
16:38:41.862 [JavaFX Application Thread] DEBUG c.j.o.s.mapped.BaseMappedStatement - query-for-id using 'SELECT * FROM `companies` WHERE `id` = ?' and 1 args, got 1 result
16:38:41.863 [JavaFX Application Thread] DEBUG c.j.o.s.mapped.BaseMappedStatement - query-for-id using 'SELECT * FROM `companies` WHERE `id` = ?' and 1 args, got 1 result
16:38:41.864 [JavaFX Application Thread] DEBUG c.j.o.s.mapped.BaseMappedStatement - query-for-id using 'SELECT * FROM `companies` WHERE `id` = ?' and 1 args, got 1 result
16:38:41.864 [JavaFX Application Thread] DEBUG c.j.o.s.mapped.BaseMappedStatement - query-for-id using 'SELECT * FROM `companies` WHERE `id` = ?' and 1 args, got 1 result
16:38:41.864 [JavaFX Application Thread] DEBUG com.j256.ormlite.stmt.SelectIterator - closed iterator @511894552 after 28 rows
16:38:41.864 [JavaFX Application Thread] DEBUG c.j.ormlite.stmt.StatementExecutor - query of 'SELECT * FROM `contacts`' with 0 args returned 28 results
16:38:42.968 [JavaFX Application Thread] DEBUG c.j.o.s.mapped.BaseMappedStatement - prepared statement 'SELECT * FROM `companies`' with 0 args
16:38:42.969 [JavaFX Application Thread] DEBUG com.j256.ormlite.stmt.SelectIterator - starting iterator @1316840446 for 'SELECT * FROM `companies`'
16:38:42.970 [JavaFX Application Thread] DEBUG com.j256.ormlite.stmt.SelectIterator - closed iterator @1316840446 after 27 rows
16:38:42.970 [JavaFX Application Thread] DEBUG c.j.ormlite.stmt.StatementExecutor - query of 'SELECT * FROM `companies`' with 0 args returned 27 results
16:38:44.789 [JavaFX Application Thread] DEBUG c.j.o.s.mapped.BaseMappedStatement - prepared statement 'SELECT * FROM `companies`' with 0 args
16:38:44.790 [JavaFX Application Thread] DEBUG com.j256.ormlite.stmt.SelectIterator - starting iterator @1489812057 for 'SELECT * FROM `companies`'
16:38:44.791 [JavaFX Application Thread] DEBUG com.j256.ormlite.stmt.SelectIterator - closed iterator @1489812057 after 27 rows
16:38:44.791 [JavaFX Application Thread] DEBUG c.j.ormlite.stmt.StatementExecutor - query of 'SELECT * FROM `companies`' with 0 args returned 27 results
16:38:49.435 [JavaFX Application Thread] DEBUG c.j.o.s.mapped.BaseMappedStatement - prepared statement 'SELECT * FROM `companies`' with 0 args
16:38:49.435 [JavaFX Application Thread] DEBUG com.j256.ormlite.stmt.SelectIterator - starting iterator @993818595 for 'SELECT * FROM `companies`'
16:38:49.438 [JavaFX Application Thread] DEBUG com.j256.ormlite.stmt.SelectIterator - closed iterator @993818595 after 27 rows
16:38:49.438 [JavaFX Application Thread] DEBUG c.j.ormlite.stmt.StatementExecutor - query of 'SELECT * FROM `companies`' with 0 args returned 27 results
16:39:18.298 [JavaFX Application Thread] DEBUG com.j256.ormlite.dao.DaoManager - created dao for class class production.bussines_contacts.models.Company with reflection
16:39:18.302 [JavaFX Application Thread] DEBUG c.j256.ormlite.stmt.StatementBuilder - built statement SELECT * FROM `companies`
16:39:18.392 [JavaFX Application Thread] DEBUG c.j.o.jdbc.BaseJdbcConnectionSource - opened connection to jdbc:h2:tcp://localhost/~/business_contacts got #2090688447
16:39:18.402 [JavaFX Application Thread] DEBUG c.j.o.s.mapped.BaseMappedStatement - prepared statement 'SELECT * FROM `companies`' with 0 args
16:39:18.408 [JavaFX Application Thread] DEBUG com.j256.ormlite.stmt.SelectIterator - starting iterator @649540813 for 'SELECT * FROM `companies`'
16:39:18.416 [JavaFX Application Thread] DEBUG com.j256.ormlite.stmt.SelectIterator - closed iterator @649540813 after 27 rows
16:39:18.416 [JavaFX Application Thread] DEBUG c.j.ormlite.stmt.StatementExecutor - query of 'SELECT * FROM `companies`' with 0 args returned 27 results
17:58:33.358 [JavaFX Application Thread] DEBUG com.j256.ormlite.dao.DaoManager - created dao for class class production.bussines_contacts.models.Company with reflection
17:58:33.362 [JavaFX Application Thread] DEBUG c.j256.ormlite.stmt.StatementBuilder - built statement SELECT * FROM `companies`
17:58:33.451 [JavaFX Application Thread] DEBUG c.j.o.jdbc.BaseJdbcConnectionSource - opened connection to jdbc:h2:tcp://localhost/~/business_contacts got #2090688447
17:58:33.458 [JavaFX Application Thread] DEBUG c.j.o.s.mapped.BaseMappedStatement - prepared statement 'SELECT * FROM `companies`' with 0 args
17:58:33.466 [JavaFX Application Thread] DEBUG com.j256.ormlite.stmt.SelectIterator - starting iterator @649540813 for 'SELECT * FROM `companies`'
17:58:33.472 [JavaFX Application Thread] DEBUG com.j256.ormlite.stmt.SelectIterator - closed iterator @649540813 after 27 rows
17:58:33.473 [JavaFX Application Thread] DEBUG c.j.ormlite.stmt.StatementExecutor - query of 'SELECT * FROM `companies`' with 0 args returned 27 results
17:58:57.066 [JavaFX Application Thread] DEBUG com.j256.ormlite.dao.DaoManager - created dao for class class production.bussines_contacts.models.Company with reflection
17:58:57.069 [JavaFX Application Thread] DEBUG c.j256.ormlite.stmt.StatementBuilder - built statement SELECT * FROM `companies`
17:58:57.151 [JavaFX Application Thread] DEBUG c.j.o.jdbc.BaseJdbcConnectionSource - opened connection to jdbc:h2:tcp://localhost/~/business_contacts got #1946265308
17:58:57.160 [JavaFX Application Thread] DEBUG c.j.o.s.mapped.BaseMappedStatement - prepared statement 'SELECT * FROM `companies`' with 0 args
17:58:57.171 [JavaFX Application Thread] DEBUG com.j256.ormlite.stmt.SelectIterator - starting iterator @1646971740 for 'SELECT * FROM `companies`'
17:58:57.177 [JavaFX Application Thread] DEBUG com.j256.ormlite.stmt.SelectIterator - closed iterator @1646971740 after 27 rows
17:58:57.177 [JavaFX Application Thread] DEBUG c.j.ormlite.stmt.StatementExecutor - query of 'SELECT * FROM `companies`' with 0 args returned 27 results
18:00:47.784 [JavaFX Application Thread] DEBUG com.j256.ormlite.dao.DaoManager - created dao for class class production.bussines_contacts.models.Company with reflection
18:00:47.790 [JavaFX Application Thread] DEBUG c.j256.ormlite.stmt.StatementBuilder - built statement SELECT * FROM `companies`
18:00:47.874 [JavaFX Application Thread] DEBUG c.j.o.jdbc.BaseJdbcConnectionSource - opened connection to jdbc:h2:tcp://localhost/~/business_contacts got #2090688447
18:00:47.881 [JavaFX Application Thread] DEBUG c.j.o.s.mapped.BaseMappedStatement - prepared statement 'SELECT * FROM `companies`' with 0 args
18:00:47.886 [JavaFX Application Thread] DEBUG com.j256.ormlite.stmt.SelectIterator - starting iterator @649540813 for 'SELECT * FROM `companies`'
18:00:47.893 [JavaFX Application Thread] DEBUG com.j256.ormlite.stmt.SelectIterator - closed iterator @649540813 after 27 rows
18:00:47.893 [JavaFX Application Thread] DEBUG c.j.ormlite.stmt.StatementExecutor - query of 'SELECT * FROM `companies`' with 0 args returned 27 results
18:03:07.843 [JavaFX Application Thread] DEBUG com.j256.ormlite.dao.DaoManager - created dao for class class production.bussines_contacts.models.Company with reflection
18:03:07.848 [JavaFX Application Thread] DEBUG c.j256.ormlite.stmt.StatementBuilder - built statement SELECT * FROM `companies`
18:03:07.929 [JavaFX Application Thread] DEBUG c.j.o.jdbc.BaseJdbcConnectionSource - opened connection to jdbc:h2:tcp://localhost/~/business_contacts got #1347885938
18:03:07.938 [JavaFX Application Thread] DEBUG c.j.o.s.mapped.BaseMappedStatement - prepared statement 'SELECT * FROM `companies`' with 0 args
18:03:07.949 [JavaFX Application Thread] DEBUG com.j256.ormlite.stmt.SelectIterator - starting iterator @1855239806 for 'SELECT * FROM `companies`'
18:03:07.959 [JavaFX Application Thread] DEBUG com.j256.ormlite.stmt.SelectIterator - closed iterator @1855239806 after 27 rows
18:03:07.959 [JavaFX Application Thread] DEBUG c.j.ormlite.stmt.StatementExecutor - query of 'SELECT * FROM `companies`' with 0 args returned 27 results
18:03:43.355 [JavaFX Application Thread] DEBUG com.j256.ormlite.dao.DaoManager - created dao for class class production.bussines_contacts.models.Contact with reflection
18:03:43.355 [JavaFX Application Thread] DEBUG c.j256.ormlite.stmt.StatementBuilder - built statement SELECT * FROM `contacts`
18:03:43.356 [JavaFX Application Thread] DEBUG c.j.o.s.mapped.BaseMappedStatement - prepared statement 'SELECT * FROM `contacts`' with 0 args
18:03:43.357 [JavaFX Application Thread] DEBUG com.j256.ormlite.stmt.SelectIterator - starting iterator @833223 for 'SELECT * FROM `contacts`'
18:03:43.363 [JavaFX Application Thread] DEBUG c.j.o.s.mapped.BaseMappedStatement - query-for-id using 'SELECT * FROM `companies` WHERE `id` = ?' and 1 args, got 1 result
18:03:43.364 [JavaFX Application Thread] DEBUG c.j.o.s.mapped.BaseMappedStatement - query-for-id using 'SELECT * FROM `companies` WHERE `id` = ?' and 1 args, got 1 result
18:03:43.365 [JavaFX Application Thread] DEBUG c.j.o.s.mapped.BaseMappedStatement - query-for-id using 'SELECT * FROM `companies` WHERE `id` = ?' and 1 args, got 1 result
18:03:43.366 [JavaFX Application Thread] DEBUG c.j.o.s.mapped.BaseMappedStatement - query-for-id using 'SELECT * FROM `companies` WHERE `id` = ?' and 1 args, got 1 result
18:03:43.367 [JavaFX Application Thread] DEBUG c.j.o.s.mapped.BaseMappedStatement - query-for-id using 'SELECT * FROM `companies` WHERE `id` = ?' and 1 args, got 1 result
18:03:43.367 [JavaFX Application Thread] DEBUG c.j.o.s.mapped.BaseMappedStatement - query-for-id using 'SELECT * FROM `companies` WHERE `id` = ?' and 1 args, got 1 result
18:03:43.368 [JavaFX Application Thread] DEBUG c.j.o.s.mapped.BaseMappedStatement - query-for-id using 'SELECT * FROM `companies` WHERE `id` = ?' and 1 args, got 1 result
18:03:43.369 [JavaFX Application Thread] DEBUG c.j.o.s.mapped.BaseMappedStatement - query-for-id using 'SELECT * FROM `companies` WHERE `id` = ?' and 1 args, got 1 result
18:03:43.369 [JavaFX Application Thread] DEBUG c.j.o.s.mapped.BaseMappedStatement - query-for-id using 'SELECT * FROM `companies` WHERE `id` = ?' and 1 args, got 1 result
18:03:43.370 [JavaFX Application Thread] DEBUG c.j.o.s.mapped.BaseMappedStatement - query-for-id using 'SELECT * FROM `companies` WHERE `id` = ?' and 1 args, got 1 result
18:03:43.371 [JavaFX Application Thread] DEBUG c.j.o.s.mapped.BaseMappedStatement - query-for-id using 'SELECT * FROM `companies` WHERE `id` = ?' and 1 args, got 1 result
18:03:43.371 [JavaFX Application Thread] DEBUG c.j.o.s.mapped.BaseMappedStatement - query-for-id using 'SELECT * FROM `companies` WHERE `id` = ?' and 1 args, got 1 result
18:03:43.372 [JavaFX Application Thread] DEBUG c.j.o.s.mapped.BaseMappedStatement - query-for-id using 'SELECT * FROM `companies` WHERE `id` = ?' and 1 args, got 1 result
18:03:43.373 [JavaFX Application Thread] DEBUG c.j.o.s.mapped.BaseMappedStatement - query-for-id using 'SELECT * FROM `companies` WHERE `id` = ?' and 1 args, got 1 result
18:03:43.373 [JavaFX Application Thread] DEBUG c.j.o.s.mapped.BaseMappedStatement - query-for-id using 'SELECT * FROM `companies` WHERE `id` = ?' and 1 args, got 1 result
18:03:43.374 [JavaFX Application Thread] DEBUG c.j.o.s.mapped.BaseMappedStatement - query-for-id using 'SELECT * FROM `companies` WHERE `id` = ?' and 1 args, got 1 result
18:03:43.375 [JavaFX Application Thread] DEBUG c.j.o.s.mapped.BaseMappedStatement - query-for-id using 'SELECT * FROM `companies` WHERE `id` = ?' and 1 args, got 1 result
18:03:43.376 [JavaFX Application Thread] DEBUG c.j.o.s.mapped.BaseMappedStatement - query-for-id using 'SELECT * FROM `companies` WHERE `id` = ?' and 1 args, got 1 result
18:03:43.377 [JavaFX Application Thread] DEBUG c.j.o.s.mapped.BaseMappedStatement - query-for-id using 'SELECT * FROM `companies` WHERE `id` = ?' and 1 args, got 1 result
18:03:43.377 [JavaFX Application Thread] DEBUG c.j.o.s.mapped.BaseMappedStatement - query-for-id using 'SELECT * FROM `companies` WHERE `id` = ?' and 1 args, got 1 result
18:03:43.378 [JavaFX Application Thread] DEBUG c.j.o.s.mapped.BaseMappedStatement - query-for-id using 'SELECT * FROM `companies` WHERE `id` = ?' and 1 args, got 1 result
18:03:43.378 [JavaFX Application Thread] DEBUG c.j.o.s.mapped.BaseMappedStatement - query-for-id using 'SELECT * FROM `companies` WHERE `id` = ?' and 1 args, got 1 result
18:03:43.379 [JavaFX Application Thread] DEBUG c.j.o.s.mapped.BaseMappedStatement - query-for-id using 'SELECT * FROM `companies` WHERE `id` = ?' and 1 args, got 1 result
18:03:43.380 [JavaFX Application Thread] DEBUG c.j.o.s.mapped.BaseMappedStatement - query-for-id using 'SELECT * FROM `companies` WHERE `id` = ?' and 1 args, got 1 result
18:03:43.381 [JavaFX Application Thread] DEBUG c.j.o.s.mapped.BaseMappedStatement - query-for-id using 'SELECT * FROM `companies` WHERE `id` = ?' and 1 args, got 1 result
18:03:43.382 [JavaFX Application Thread] DEBUG c.j.o.s.mapped.BaseMappedStatement - query-for-id using 'SELECT * FROM `companies` WHERE `id` = ?' and 1 args, got 1 result
18:03:43.382 [JavaFX Application Thread] DEBUG c.j.o.s.mapped.BaseMappedStatement - query-for-id using 'SELECT * FROM `companies` WHERE `id` = ?' and 1 args, got 1 result
18:03:43.383 [JavaFX Application Thread] DEBUG c.j.o.s.mapped.BaseMappedStatement - query-for-id using 'SELECT * FROM `companies` WHERE `id` = ?' and 1 args, got 1 result
18:03:43.383 [JavaFX Application Thread] DEBUG com.j256.ormlite.stmt.SelectIterator - closed iterator @833223 after 28 rows
18:03:43.383 [JavaFX Application Thread] DEBUG c.j.ormlite.stmt.StatementExecutor - query of 'SELECT * FROM `contacts`' with 0 args returned 28 results
18:03:49.557 [JavaFX Application Thread] DEBUG c.j.o.s.mapped.BaseMappedStatement - prepared statement 'SELECT * FROM `companies`' with 0 args
18:03:49.558 [JavaFX Application Thread] DEBUG com.j256.ormlite.stmt.SelectIterator - starting iterator @752728413 for 'SELECT * FROM `companies`'
18:03:49.559 [JavaFX Application Thread] DEBUG com.j256.ormlite.stmt.SelectIterator - closed iterator @752728413 after 27 rows
18:03:49.559 [JavaFX Application Thread] DEBUG c.j.ormlite.stmt.StatementExecutor - query of 'SELECT * FROM `companies`' with 0 args returned 27 results
18:03:54.520 [JavaFX Application Thread] DEBUG c.j.o.s.mapped.BaseMappedStatement - prepared statement 'SELECT * FROM `companies`' with 0 args
18:03:54.521 [JavaFX Application Thread] DEBUG com.j256.ormlite.stmt.SelectIterator - starting iterator @1319475720 for 'SELECT * FROM `companies`'
18:03:54.521 [JavaFX Application Thread] DEBUG com.j256.ormlite.stmt.SelectIterator - closed iterator @1319475720 after 27 rows
18:03:54.522 [JavaFX Application Thread] DEBUG c.j.ormlite.stmt.StatementExecutor - query of 'SELECT * FROM `companies`' with 0 args returned 27 results
18:09:12.237 [JavaFX Application Thread] DEBUG com.j256.ormlite.dao.DaoManager - created dao for class class production.bussines_contacts.models.Company with reflection
18:09:12.241 [JavaFX Application Thread] DEBUG c.j256.ormlite.stmt.StatementBuilder - built statement SELECT * FROM `companies`
18:09:12.320 [JavaFX Application Thread] DEBUG c.j.o.jdbc.BaseJdbcConnectionSource - opened connection to jdbc:h2:tcp://localhost/~/business_contacts got #2090688447
18:09:12.327 [JavaFX Application Thread] DEBUG c.j.o.s.mapped.BaseMappedStatement - prepared statement 'SELECT * FROM `companies`' with 0 args
18:09:12.332 [JavaFX Application Thread] DEBUG com.j256.ormlite.stmt.SelectIterator - starting iterator @649540813 for 'SELECT * FROM `companies`'
18:09:12.340 [JavaFX Application Thread] DEBUG com.j256.ormlite.stmt.SelectIterator - closed iterator @649540813 after 27 rows
18:09:12.340 [JavaFX Application Thread] DEBUG c.j.ormlite.stmt.StatementExecutor - query of 'SELECT * FROM `companies`' with 0 args returned 27 results
18:09:19.597 [JavaFX Application Thread] DEBUG c.j.o.s.mapped.BaseMappedStatement - prepared statement 'SELECT * FROM `companies`' with 0 args
18:09:19.599 [JavaFX Application Thread] DEBUG com.j256.ormlite.stmt.SelectIterator - starting iterator @935237227 for 'SELECT * FROM `companies`'
18:09:19.600 [JavaFX Application Thread] DEBUG com.j256.ormlite.stmt.SelectIterator - closed iterator @935237227 after 27 rows
18:09:19.600 [JavaFX Application Thread] DEBUG c.j.ormlite.stmt.StatementExecutor - query of 'SELECT * FROM `companies`' with 0 args returned 27 results
18:09:34.422 [JavaFX Application Thread] DEBUG com.j256.ormlite.dao.DaoManager - created dao for class class production.bussines_contacts.models.Contact with reflection
18:09:34.422 [JavaFX Application Thread] DEBUG c.j256.ormlite.stmt.StatementBuilder - built statement SELECT * FROM `contacts`
18:09:34.422 [JavaFX Application Thread] DEBUG c.j.o.s.mapped.BaseMappedStatement - prepared statement 'SELECT * FROM `contacts`' with 0 args
18:09:34.423 [JavaFX Application Thread] DEBUG com.j256.ormlite.stmt.SelectIterator - starting iterator @1252669631 for 'SELECT * FROM `contacts`'
18:09:34.433 [JavaFX Application Thread] DEBUG c.j.o.s.mapped.BaseMappedStatement - query-for-id using 'SELECT * FROM `companies` WHERE `id` = ?' and 1 args, got 1 result
18:09:34.434 [JavaFX Application Thread] DEBUG c.j.o.s.mapped.BaseMappedStatement - query-for-id using 'SELECT * FROM `companies` WHERE `id` = ?' and 1 args, got 1 result
18:09:34.436 [JavaFX Application Thread] DEBUG c.j.o.s.mapped.BaseMappedStatement - query-for-id using 'SELECT * FROM `companies` WHERE `id` = ?' and 1 args, got 1 result
18:09:34.437 [JavaFX Application Thread] DEBUG c.j.o.s.mapped.BaseMappedStatement - query-for-id using 'SELECT * FROM `companies` WHERE `id` = ?' and 1 args, got 1 result
18:09:34.437 [JavaFX Application Thread] DEBUG c.j.o.s.mapped.BaseMappedStatement - query-for-id using 'SELECT * FROM `companies` WHERE `id` = ?' and 1 args, got 1 result
18:09:34.438 [JavaFX Application Thread] DEBUG c.j.o.s.mapped.BaseMappedStatement - query-for-id using 'SELECT * FROM `companies` WHERE `id` = ?' and 1 args, got 1 result
18:09:34.439 [JavaFX Application Thread] DEBUG c.j.o.s.mapped.BaseMappedStatement - query-for-id using 'SELECT * FROM `companies` WHERE `id` = ?' and 1 args, got 1 result
18:09:34.440 [JavaFX Application Thread] DEBUG c.j.o.s.mapped.BaseMappedStatement - query-for-id using 'SELECT * FROM `companies` WHERE `id` = ?' and 1 args, got 1 result
18:09:34.440 [JavaFX Application Thread] DEBUG c.j.o.s.mapped.BaseMappedStatement - query-for-id using 'SELECT * FROM `companies` WHERE `id` = ?' and 1 args, got 1 result
18:09:34.441 [JavaFX Application Thread] DEBUG c.j.o.s.mapped.BaseMappedStatement - query-for-id using 'SELECT * FROM `companies` WHERE `id` = ?' and 1 args, got 1 result
18:09:34.441 [JavaFX Application Thread] DEBUG c.j.o.s.mapped.BaseMappedStatement - query-for-id using 'SELECT * FROM `companies` WHERE `id` = ?' and 1 args, got 1 result
18:09:34.442 [JavaFX Application Thread] DEBUG c.j.o.s.mapped.BaseMappedStatement - query-for-id using 'SELECT * FROM `companies` WHERE `id` = ?' and 1 args, got 1 result
18:09:34.443 [JavaFX Application Thread] DEBUG c.j.o.s.mapped.BaseMappedStatement - query-for-id using 'SELECT * FROM `companies` WHERE `id` = ?' and 1 args, got 1 result
18:09:34.444 [JavaFX Application Thread] DEBUG c.j.o.s.mapped.BaseMappedStatement - query-for-id using 'SELECT * FROM `companies` WHERE `id` = ?' and 1 args, got 1 result
18:09:34.445 [JavaFX Application Thread] DEBUG c.j.o.s.mapped.BaseMappedStatement - query-for-id using 'SELECT * FROM `companies` WHERE `id` = ?' and 1 args, got 1 result
18:09:34.446 [JavaFX Application Thread] DEBUG c.j.o.s.mapped.BaseMappedStatement - query-for-id using 'SELECT * FROM `companies` WHERE `id` = ?' and 1 args, got 1 result
18:09:34.446 [JavaFX Application Thread] DEBUG c.j.o.s.mapped.BaseMappedStatement - query-for-id using 'SELECT * FROM `companies` WHERE `id` = ?' and 1 args, got 1 result
18:09:34.447 [JavaFX Application Thread] DEBUG c.j.o.s.mapped.BaseMappedStatement - query-for-id using 'SELECT * FROM `companies` WHERE `id` = ?' and 1 args, got 1 result
18:09:34.448 [JavaFX Application Thread] DEBUG c.j.o.s.mapped.BaseMappedStatement - query-for-id using 'SELECT * FROM `companies` WHERE `id` = ?' and 1 args, got 1 result
18:09:34.448 [JavaFX Application Thread] DEBUG c.j.o.s.mapped.BaseMappedStatement - query-for-id using 'SELECT * FROM `companies` WHERE `id` = ?' and 1 args, got 1 result
18:09:34.448 [JavaFX Application Thread] DEBUG c.j.o.s.mapped.BaseMappedStatement - query-for-id using 'SELECT * FROM `companies` WHERE `id` = ?' and 1 args, got 1 result
18:09:34.449 [JavaFX Application Thread] DEBUG c.j.o.s.mapped.BaseMappedStatement - query-for-id using 'SELECT * FROM `companies` WHERE `id` = ?' and 1 args, got 1 result
18:09:34.450 [JavaFX Application Thread] DEBUG c.j.o.s.mapped.BaseMappedStatement - query-for-id using 'SELECT * FROM `companies` WHERE `id` = ?' and 1 args, got 1 result
18:09:34.450 [JavaFX Application Thread] DEBUG c.j.o.s.mapped.BaseMappedStatement - query-for-id using 'SELECT * FROM `companies` WHERE `id` = ?' and 1 args, got 1 result
18:09:34.451 [JavaFX Application Thread] DEBUG c.j.o.s.mapped.BaseMappedStatement - query-for-id using 'SELECT * FROM `companies` WHERE `id` = ?' and 1 args, got 1 result
18:09:34.451 [JavaFX Application Thread] DEBUG c.j.o.s.mapped.BaseMappedStatement - query-for-id using 'SELECT * FROM `companies` WHERE `id` = ?' and 1 args, got 1 result
18:09:34.452 [JavaFX Application Thread] DEBUG c.j.o.s.mapped.BaseMappedStatement - query-for-id using 'SELECT * FROM `companies` WHERE `id` = ?' and 1 args, got 1 result
18:09:34.452 [JavaFX Application Thread] DEBUG c.j.o.s.mapped.BaseMappedStatement - query-for-id using 'SELECT * FROM `companies` WHERE `id` = ?' and 1 args, got 1 result
18:09:34.452 [JavaFX Application Thread] DEBUG com.j256.ormlite.stmt.SelectIterator - closed iterator @1252669631 after 28 rows
18:09:34.452 [JavaFX Application Thread] DEBUG c.j.ormlite.stmt.StatementExecutor - query of 'SELECT * FROM `contacts`' with 0 args returned 28 results
18:09:58.263 [JavaFX Application Thread] DEBUG com.j256.ormlite.dao.DaoManager - created dao for class class production.bussines_contacts.models.Company with reflection
18:09:58.267 [JavaFX Application Thread] DEBUG c.j256.ormlite.stmt.StatementBuilder - built statement SELECT * FROM `companies`
18:09:58.345 [JavaFX Application Thread] DEBUG c.j.o.jdbc.BaseJdbcConnectionSource - opened connection to jdbc:h2:tcp://localhost/~/business_contacts got #2090688447
18:09:58.351 [JavaFX Application Thread] DEBUG c.j.o.s.mapped.BaseMappedStatement - prepared statement 'SELECT * FROM `companies`' with 0 args
18:09:58.361 [JavaFX Application Thread] DEBUG com.j256.ormlite.stmt.SelectIterator - starting iterator @649540813 for 'SELECT * FROM `companies`'
18:09:58.369 [JavaFX Application Thread] DEBUG com.j256.ormlite.stmt.SelectIterator - closed iterator @649540813 after 27 rows
18:09:58.369 [JavaFX Application Thread] DEBUG c.j.ormlite.stmt.StatementExecutor - query of 'SELECT * FROM `companies`' with 0 args returned 27 results
18:10:07.978 [JavaFX Application Thread] DEBUG c.j.o.s.mapped.BaseMappedStatement - prepared statement 'SELECT * FROM `companies`' with 0 args
18:10:07.979 [JavaFX Application Thread] DEBUG com.j256.ormlite.stmt.SelectIterator - starting iterator @63112265 for 'SELECT * FROM `companies`'
18:10:07.980 [JavaFX Application Thread] DEBUG com.j256.ormlite.stmt.SelectIterator - closed iterator @63112265 after 27 rows
18:10:07.980 [JavaFX Application Thread] DEBUG c.j.ormlite.stmt.StatementExecutor - query of 'SELECT * FROM `companies`' with 0 args returned 27 results
18:10:08.987 [JavaFX Application Thread] DEBUG com.j256.ormlite.dao.DaoManager - created dao for class class production.bussines_contacts.models.Contact with reflection
18:10:08.988 [JavaFX Application Thread] DEBUG c.j256.ormlite.stmt.StatementBuilder - built statement SELECT * FROM `contacts`
18:10:08.988 [JavaFX Application Thread] DEBUG c.j.o.s.mapped.BaseMappedStatement - prepared statement 'SELECT * FROM `contacts`' with 0 args
18:10:08.989 [JavaFX Application Thread] DEBUG com.j256.ormlite.stmt.SelectIterator - starting iterator @1273705052 for 'SELECT * FROM `contacts`'
18:10:08.996 [JavaFX Application Thread] DEBUG c.j.o.s.mapped.BaseMappedStatement - query-for-id using 'SELECT * FROM `companies` WHERE `id` = ?' and 1 args, got 1 result
18:10:08.997 [JavaFX Application Thread] DEBUG c.j.o.s.mapped.BaseMappedStatement - query-for-id using 'SELECT * FROM `companies` WHERE `id` = ?' and 1 args, got 1 result
18:10:08.998 [JavaFX Application Thread] DEBUG c.j.o.s.mapped.BaseMappedStatement - query-for-id using 'SELECT * FROM `companies` WHERE `id` = ?' and 1 args, got 1 result
18:10:08.999 [JavaFX Application Thread] DEBUG c.j.o.s.mapped.BaseMappedStatement - query-for-id using 'SELECT * FROM `companies` WHERE `id` = ?' and 1 args, got 1 result
18:10:08.999 [JavaFX Application Thread] DEBUG c.j.o.s.mapped.BaseMappedStatement - query-for-id using 'SELECT * FROM `companies` WHERE `id` = ?' and 1 args, got 1 result
18:10:09.000 [JavaFX Application Thread] DEBUG c.j.o.s.mapped.BaseMappedStatement - query-for-id using 'SELECT * FROM `companies` WHERE `id` = ?' and 1 args, got 1 result
18:10:09.001 [JavaFX Application Thread] DEBUG c.j.o.s.mapped.BaseMappedStatement - query-for-id using 'SELECT * FROM `companies` WHERE `id` = ?' and 1 args, got 1 result
18:10:09.002 [JavaFX Application Thread] DEBUG c.j.o.s.mapped.BaseMappedStatement - query-for-id using 'SELECT * FROM `companies` WHERE `id` = ?' and 1 args, got 1 result
18:10:09.002 [JavaFX Application Thread] DEBUG c.j.o.s.mapped.BaseMappedStatement - query-for-id using 'SELECT * FROM `companies` WHERE `id` = ?' and 1 args, got 1 result
18:10:09.003 [JavaFX Application Thread] DEBUG c.j.o.s.mapped.BaseMappedStatement - query-for-id using 'SELECT * FROM `companies` WHERE `id` = ?' and 1 args, got 1 result
18:10:09.004 [JavaFX Application Thread] DEBUG c.j.o.s.mapped.BaseMappedStatement - query-for-id using 'SELECT * FROM `companies` WHERE `id` = ?' and 1 args, got 1 result
18:10:09.005 [JavaFX Application Thread] DEBUG c.j.o.s.mapped.BaseMappedStatement - query-for-id using 'SELECT * FROM `companies` WHERE `id` = ?' and 1 args, got 1 result
18:10:09.006 [JavaFX Application Thread] DEBUG c.j.o.s.mapped.BaseMappedStatement - query-for-id using 'SELECT * FROM `companies` WHERE `id` = ?' and 1 args, got 1 result
18:10:09.007 [JavaFX Application Thread] DEBUG c.j.o.s.mapped.BaseMappedStatement - query-for-id using 'SELECT * FROM `companies` WHERE `id` = ?' and 1 args, got 1 result
18:10:09.008 [JavaFX Application Thread] DEBUG c.j.o.s.mapped.BaseMappedStatement - query-for-id using 'SELECT * FROM `companies` WHERE `id` = ?' and 1 args, got 1 result
18:10:09.009 [JavaFX Application Thread] DEBUG c.j.o.s.mapped.BaseMappedStatement - query-for-id using 'SELECT * FROM `companies` WHERE `id` = ?' and 1 args, got 1 result
18:10:09.009 [JavaFX Application Thread] DEBUG c.j.o.s.mapped.BaseMappedStatement - query-for-id using 'SELECT * FROM `companies` WHERE `id` = ?' and 1 args, got 1 result
18:10:09.010 [JavaFX Application Thread] DEBUG c.j.o.s.mapped.BaseMappedStatement - query-for-id using 'SELECT * FROM `companies` WHERE `id` = ?' and 1 args, got 1 result
18:10:09.010 [JavaFX Application Thread] DEBUG c.j.o.s.mapped.BaseMappedStatement - query-for-id using 'SELECT * FROM `companies` WHERE `id` = ?' and 1 args, got 1 result
18:10:09.011 [JavaFX Application Thread] DEBUG c.j.o.s.mapped.BaseMappedStatement - query-for-id using 'SELECT * FROM `companies` WHERE `id` = ?' and 1 args, got 1 result
18:10:09.012 [JavaFX Application Thread] DEBUG c.j.o.s.mapped.BaseMappedStatement - query-for-id using 'SELECT * FROM `companies` WHERE `id` = ?' and 1 args, got 1 result
18:10:09.013 [JavaFX Application Thread] DEBUG c.j.o.s.mapped.BaseMappedStatement - query-for-id using 'SELECT * FROM `companies` WHERE `id` = ?' and 1 args, got 1 result
18:10:09.013 [JavaFX Application Thread] DEBUG c.j.o.s.mapped.BaseMappedStatement - query-for-id using 'SELECT * FROM `companies` WHERE `id` = ?' and 1 args, got 1 result
18:10:09.014 [JavaFX Application Thread] DEBUG c.j.o.s.mapped.BaseMappedStatement - query-for-id using 'SELECT * FROM `companies` WHERE `id` = ?' and 1 args, got 1 result
18:10:09.015 [JavaFX Application Thread] DEBUG c.j.o.s.mapped.BaseMappedStatement - query-for-id using 'SELECT * FROM `companies` WHERE `id` = ?' and 1 args, got 1 result
18:10:09.015 [JavaFX Application Thread] DEBUG c.j.o.s.mapped.BaseMappedStatement - query-for-id using 'SELECT * FROM `companies` WHERE `id` = ?' and 1 args, got 1 result
18:10:09.016 [JavaFX Application Thread] DEBUG c.j.o.s.mapped.BaseMappedStatement - query-for-id using 'SELECT * FROM `companies` WHERE `id` = ?' and 1 args, got 1 result
18:10:09.017 [JavaFX Application Thread] DEBUG c.j.o.s.mapped.BaseMappedStatement - query-for-id using 'SELECT * FROM `companies` WHERE `id` = ?' and 1 args, got 1 result
18:10:09.017 [JavaFX Application Thread] DEBUG com.j256.ormlite.stmt.SelectIterator - closed iterator @1273705052 after 28 rows
18:10:09.017 [JavaFX Application Thread] DEBUG c.j.ormlite.stmt.StatementExecutor - query of 'SELECT * FROM `contacts`' with 0 args returned 28 results
18:10:11.608 [JavaFX Application Thread] DEBUG c.j.o.s.mapped.BaseMappedStatement - prepared statement 'SELECT * FROM `contacts`' with 0 args
18:10:11.609 [JavaFX Application Thread] DEBUG com.j256.ormlite.stmt.SelectIterator - starting iterator @1781732394 for 'SELECT * FROM `contacts`'
18:10:11.610 [JavaFX Application Thread] DEBUG c.j.o.s.mapped.BaseMappedStatement - query-for-id using 'SELECT * FROM `companies` WHERE `id` = ?' and 1 args, got 1 result
18:10:11.611 [JavaFX Application Thread] DEBUG c.j.o.s.mapped.BaseMappedStatement - query-for-id using 'SELECT * FROM `companies` WHERE `id` = ?' and 1 args, got 1 result
18:10:11.612 [JavaFX Application Thread] DEBUG c.j.o.s.mapped.BaseMappedStatement - query-for-id using 'SELECT * FROM `companies` WHERE `id` = ?' and 1 args, got 1 result
18:10:11.613 [JavaFX Application Thread] DEBUG c.j.o.s.mapped.BaseMappedStatement - query-for-id using 'SELECT * FROM `companies` WHERE `id` = ?' and 1 args, got 1 result
18:10:11.614 [JavaFX Application Thread] DEBUG c.j.o.s.mapped.BaseMappedStatement - query-for-id using 'SELECT * FROM `companies` WHERE `id` = ?' and 1 args, got 1 result
18:10:11.615 [JavaFX Application Thread] DEBUG c.j.o.s.mapped.BaseMappedStatement - query-for-id using 'SELECT * FROM `companies` WHERE `id` = ?' and 1 args, got 1 result
18:10:11.616 [JavaFX Application Thread] DEBUG c.j.o.s.mapped.BaseMappedStatement - query-for-id using 'SELECT * FROM `companies` WHERE `id` = ?' and 1 args, got 1 result
18:10:11.617 [JavaFX Application Thread] DEBUG c.j.o.s.mapped.BaseMappedStatement - query-for-id using 'SELECT * FROM `companies` WHERE `id` = ?' and 1 args, got 1 result
18:10:11.617 [JavaFX Application Thread] DEBUG c.j.o.s.mapped.BaseMappedStatement - query-for-id using 'SELECT * FROM `companies` WHERE `id` = ?' and 1 args, got 1 result
18:10:11.618 [JavaFX Application Thread] DEBUG c.j.o.s.mapped.BaseMappedStatement - query-for-id using 'SELECT * FROM `companies` WHERE `id` = ?' and 1 args, got 1 result
18:10:11.619 [JavaFX Application Thread] DEBUG c.j.o.s.mapped.BaseMappedStatement - query-for-id using 'SELECT * FROM `companies` WHERE `id` = ?' and 1 args, got 1 result
18:10:11.619 [JavaFX Application Thread] DEBUG c.j.o.s.mapped.BaseMappedStatement - query-for-id using 'SELECT * FROM `companies` WHERE `id` = ?' and 1 args, got 1 result
18:10:11.620 [JavaFX Application Thread] DEBUG c.j.o.s.mapped.BaseMappedStatement - query-for-id using 'SELECT * FROM `companies` WHERE `id` = ?' and 1 args, got 1 result
18:10:11.620 [JavaFX Application Thread] DEBUG c.j.o.s.mapped.BaseMappedStatement - query-for-id using 'SELECT * FROM `companies` WHERE `id` = ?' and 1 args, got 1 result
18:10:11.621 [JavaFX Application Thread] DEBUG c.j.o.s.mapped.BaseMappedStatement - query-for-id using 'SELECT * FROM `companies` WHERE `id` = ?' and 1 args, got 1 result
18:10:11.621 [JavaFX Application Thread] DEBUG c.j.o.s.mapped.BaseMappedStatement - query-for-id using 'SELECT * FROM `companies` WHERE `id` = ?' and 1 args, got 1 result
18:10:11.622 [JavaFX Application Thread] DEBUG c.j.o.s.mapped.BaseMappedStatement - query-for-id using 'SELECT * FROM `companies` WHERE `id` = ?' and 1 args, got 1 result
18:10:11.623 [JavaFX Application Thread] DEBUG c.j.o.s.mapped.BaseMappedStatement - query-for-id using 'SELECT * FROM `companies` WHERE `id` = ?' and 1 args, got 1 result
18:10:11.623 [JavaFX Application Thread] DEBUG c.j.o.s.mapped.BaseMappedStatement - query-for-id using 'SELECT * FROM `companies` WHERE `id` = ?' and 1 args, got 1 result
18:10:11.624 [JavaFX Application Thread] DEBUG c.j.o.s.mapped.BaseMappedStatement - query-for-id using 'SELECT * FROM `companies` WHERE `id` = ?' and 1 args, got 1 result
18:10:11.624 [JavaFX Application Thread] DEBUG c.j.o.s.mapped.BaseMappedStatement - query-for-id using 'SELECT * FROM `companies` WHERE `id` = ?' and 1 args, got 1 result
18:10:11.625 [JavaFX Application Thread] DEBUG c.j.o.s.mapped.BaseMappedStatement - query-for-id using 'SELECT * FROM `companies` WHERE `id` = ?' and 1 args, got 1 result
18:10:11.625 [JavaFX Application Thread] DEBUG c.j.o.s.mapped.BaseMappedStatement - query-for-id using 'SELECT * FROM `companies` WHERE `id` = ?' and 1 args, got 1 result
18:10:11.626 [JavaFX Application Thread] DEBUG c.j.o.s.mapped.BaseMappedStatement - query-for-id using 'SELECT * FROM `companies` WHERE `id` = ?' and 1 args, got 1 result
18:10:11.627 [JavaFX Application Thread] DEBUG c.j.o.s.mapped.BaseMappedStatement - query-for-id using 'SELECT * FROM `companies` WHERE `id` = ?' and 1 args, got 1 result
18:10:11.627 [JavaFX Application Thread] DEBUG c.j.o.s.mapped.BaseMappedStatement - query-for-id using 'SELECT * FROM `companies` WHERE `id` = ?' and 1 args, got 1 result
18:10:11.628 [JavaFX Application Thread] DEBUG c.j.o.s.mapped.BaseMappedStatement - query-for-id using 'SELECT * FROM `companies` WHERE `id` = ?' and 1 args, got 1 result
18:10:11.628 [JavaFX Application Thread] DEBUG c.j.o.s.mapped.BaseMappedStatement - query-for-id using 'SELECT * FROM `companies` WHERE `id` = ?' and 1 args, got 1 result
18:10:11.628 [JavaFX Application Thread] DEBUG com.j256.ormlite.stmt.SelectIterator - closed iterator @1781732394 after 28 rows
18:10:11.628 [JavaFX Application Thread] DEBUG c.j.ormlite.stmt.StatementExecutor - query of 'SELECT * FROM `contacts`' with 0 args returned 28 results
18:10:11.840 [JavaFX Application Thread] DEBUG c.j.o.s.mapped.BaseMappedStatement - prepared statement 'SELECT * FROM `contacts`' with 0 args
18:10:11.841 [JavaFX Application Thread] DEBUG com.j256.ormlite.stmt.SelectIterator - starting iterator @1817379312 for 'SELECT * FROM `contacts`'
18:10:11.842 [JavaFX Application Thread] DEBUG c.j.o.s.mapped.BaseMappedStatement - query-for-id using 'SELECT * FROM `companies` WHERE `id` = ?' and 1 args, got 1 result
18:10:11.843 [JavaFX Application Thread] DEBUG c.j.o.s.mapped.BaseMappedStatement - query-for-id using 'SELECT * FROM `companies` WHERE `id` = ?' and 1 args, got 1 result
18:10:11.844 [JavaFX Application Thread] DEBUG c.j.o.s.mapped.BaseMappedStatement - query-for-id using 'SELECT * FROM `companies` WHERE `id` = ?' and 1 args, got 1 result
18:10:11.844 [JavaFX Application Thread] DEBUG c.j.o.s.mapped.BaseMappedStatement - query-for-id using 'SELECT * FROM `companies` WHERE `id` = ?' and 1 args, got 1 result
18:10:11.845 [JavaFX Application Thread] DEBUG c.j.o.s.mapped.BaseMappedStatement - query-for-id using 'SELECT * FROM `companies` WHERE `id` = ?' and 1 args, got 1 result
18:10:11.845 [JavaFX Application Thread] DEBUG c.j.o.s.mapped.BaseMappedStatement - query-for-id using 'SELECT * FROM `companies` WHERE `id` = ?' and 1 args, got 1 result
18:10:11.846 [JavaFX Application Thread] DEBUG c.j.o.s.mapped.BaseMappedStatement - query-for-id using 'SELECT * FROM `companies` WHERE `id` = ?' and 1 args, got 1 result
18:10:11.847 [JavaFX Application Thread] DEBUG c.j.o.s.mapped.BaseMappedStatement - query-for-id using 'SELECT * FROM `companies` WHERE `id` = ?' and 1 args, got 1 result
18:10:11.848 [JavaFX Application Thread] DEBUG c.j.o.s.mapped.BaseMappedStatement - query-for-id using 'SELECT * FROM `companies` WHERE `id` = ?' and 1 args, got 1 result
18:10:11.848 [JavaFX Application Thread] DEBUG c.j.o.s.mapped.BaseMappedStatement - query-for-id using 'SELECT * FROM `companies` WHERE `id` = ?' and 1 args, got 1 result
18:10:11.849 [JavaFX Application Thread] DEBUG c.j.o.s.mapped.BaseMappedStatement - query-for-id using 'SELECT * FROM `companies` WHERE `id` = ?' and 1 args, got 1 result
18:10:11.849 [JavaFX Application Thread] DEBUG c.j.o.s.mapped.BaseMappedStatement - query-for-id using 'SELECT * FROM `companies` WHERE `id` = ?' and 1 args, got 1 result
18:10:11.850 [JavaFX Application Thread] DEBUG c.j.o.s.mapped.BaseMappedStatement - query-for-id using 'SELECT * FROM `companies` WHERE `id` = ?' and 1 args, got 1 result
18:10:11.850 [JavaFX Application Thread] DEBUG c.j.o.s.mapped.BaseMappedStatement - query-for-id using 'SELECT * FROM `companies` WHERE `id` = ?' and 1 args, got 1 result
18:10:11.851 [JavaFX Application Thread] DEBUG c.j.o.s.mapped.BaseMappedStatement - query-for-id using 'SELECT * FROM `companies` WHERE `id` = ?' and 1 args, got 1 result
18:10:11.852 [JavaFX Application Thread] DEBUG c.j.o.s.mapped.BaseMappedStatement - query-for-id using 'SELECT * FROM `companies` WHERE `id` = ?' and 1 args, got 1 result
18:10:11.852 [JavaFX Application Thread] DEBUG c.j.o.s.mapped.BaseMappedStatement - query-for-id using 'SELECT * FROM `companies` WHERE `id` = ?' and 1 args, got 1 result
18:10:11.854 [JavaFX Application Thread] DEBUG c.j.o.s.mapped.BaseMappedStatement - query-for-id using 'SELECT * FROM `companies` WHERE `id` = ?' and 1 args, got 1 result
18:10:11.855 [JavaFX Application Thread] DEBUG c.j.o.s.mapped.BaseMappedStatement - query-for-id using 'SELECT * FROM `companies` WHERE `id` = ?' and 1 args, got 1 result
18:10:11.855 [JavaFX Application Thread] DEBUG c.j.o.s.mapped.BaseMappedStatement - query-for-id using 'SELECT * FROM `companies` WHERE `id` = ?' and 1 args, got 1 result
18:10:11.856 [JavaFX Application Thread] DEBUG c.j.o.s.mapped.BaseMappedStatement - query-for-id using 'SELECT * FROM `companies` WHERE `id` = ?' and 1 args, got 1 result
18:10:11.856 [JavaFX Application Thread] DEBUG c.j.o.s.mapped.BaseMappedStatement - query-for-id using 'SELECT * FROM `companies` WHERE `id` = ?' and 1 args, got 1 result
18:10:11.857 [JavaFX Application Thread] DEBUG c.j.o.s.mapped.BaseMappedStatement - query-for-id using 'SELECT * FROM `companies` WHERE `id` = ?' and 1 args, got 1 result
18:10:11.858 [JavaFX Application Thread] DEBUG c.j.o.s.mapped.BaseMappedStatement - query-for-id using 'SELECT * FROM `companies` WHERE `id` = ?' and 1 args, got 1 result
18:10:11.858 [JavaFX Application Thread] DEBUG c.j.o.s.mapped.BaseMappedStatement - query-for-id using 'SELECT * FROM `companies` WHERE `id` = ?' and 1 args, got 1 result
18:10:11.859 [JavaFX Application Thread] DEBUG c.j.o.s.mapped.BaseMappedStatement - query-for-id using 'SELECT * FROM `companies` WHERE `id` = ?' and 1 args, got 1 result
18:10:11.859 [JavaFX Application Thread] DEBUG c.j.o.s.mapped.BaseMappedStatement - query-for-id using 'SELECT * FROM `companies` WHERE `id` = ?' and 1 args, got 1 result
18:10:11.860 [JavaFX Application Thread] DEBUG c.j.o.s.mapped.BaseMappedStatement - query-for-id using 'SELECT * FROM `companies` WHERE `id` = ?' and 1 args, got 1 result
18:10:11.860 [JavaFX Application Thread] DEBUG com.j256.ormlite.stmt.SelectIterator - closed iterator @1817379312 after 28 rows
18:10:11.860 [JavaFX Application Thread] DEBUG c.j.ormlite.stmt.StatementExecutor - query of 'SELECT * FROM `contacts`' with 0 args returned 28 results
18:10:12.319 [JavaFX Application Thread] DEBUG c.j.o.s.mapped.BaseMappedStatement - prepared statement 'SELECT * FROM `contacts`' with 0 args
18:10:12.320 [JavaFX Application Thread] DEBUG com.j256.ormlite.stmt.SelectIterator - starting iterator @1542214806 for 'SELECT * FROM `contacts`'
18:10:12.321 [JavaFX Application Thread] DEBUG c.j.o.s.mapped.BaseMappedStatement - query-for-id using 'SELECT * FROM `companies` WHERE `id` = ?' and 1 args, got 1 result
18:10:12.322 [JavaFX Application Thread] DEBUG c.j.o.s.mapped.BaseMappedStatement - query-for-id using 'SELECT * FROM `companies` WHERE `id` = ?' and 1 args, got 1 result
18:10:12.323 [JavaFX Application Thread] DEBUG c.j.o.s.mapped.BaseMappedStatement - query-for-id using 'SELECT * FROM `companies` WHERE `id` = ?' and 1 args, got 1 result
18:10:12.323 [JavaFX Application Thread] DEBUG c.j.o.s.mapped.BaseMappedStatement - query-for-id using 'SELECT * FROM `companies` WHERE `id` = ?' and 1 args, got 1 result
18:10:12.324 [JavaFX Application Thread] DEBUG c.j.o.s.mapped.BaseMappedStatement - query-for-id using 'SELECT * FROM `companies` WHERE `id` = ?' and 1 args, got 1 result
18:10:12.325 [JavaFX Application Thread] DEBUG c.j.o.s.mapped.BaseMappedStatement - query-for-id using 'SELECT * FROM `companies` WHERE `id` = ?' and 1 args, got 1 result
18:10:12.326 [JavaFX Application Thread] DEBUG c.j.o.s.mapped.BaseMappedStatement - query-for-id using 'SELECT * FROM `companies` WHERE `id` = ?' and 1 args, got 1 result
18:10:12.327 [JavaFX Application Thread] DEBUG c.j.o.s.mapped.BaseMappedStatement - query-for-id using 'SELECT * FROM `companies` WHERE `id` = ?' and 1 args, got 1 result
18:10:12.327 [JavaFX Application Thread] DEBUG c.j.o.s.mapped.BaseMappedStatement - query-for-id using 'SELECT * FROM `companies` WHERE `id` = ?' and 1 args, got 1 result
18:10:12.328 [JavaFX Application Thread] DEBUG c.j.o.s.mapped.BaseMappedStatement - query-for-id using 'SELECT * FROM `companies` WHERE `id` = ?' and 1 args, got 1 result
18:10:12.329 [JavaFX Application Thread] DEBUG c.j.o.s.mapped.BaseMappedStatement - query-for-id using 'SELECT * FROM `companies` WHERE `id` = ?' and 1 args, got 1 result
18:10:12.330 [JavaFX Application Thread] DEBUG c.j.o.s.mapped.BaseMappedStatement - query-for-id using 'SELECT * FROM `companies` WHERE `id` = ?' and 1 args, got 1 result
18:10:12.330 [JavaFX Application Thread] DEBUG c.j.o.s.mapped.BaseMappedStatement - query-for-id using 'SELECT * FROM `companies` WHERE `id` = ?' and 1 args, got 1 result
18:10:12.331 [JavaFX Application Thread] DEBUG c.j.o.s.mapped.BaseMappedStatement - query-for-id using 'SELECT * FROM `companies` WHERE `id` = ?' and 1 args, got 1 result
18:10:12.332 [JavaFX Application Thread] DEBUG c.j.o.s.mapped.BaseMappedStatement - query-for-id using 'SELECT * FROM `companies` WHERE `id` = ?' and 1 args, got 1 result
18:10:12.333 [JavaFX Application Thread] DEBUG c.j.o.s.mapped.BaseMappedStatement - query-for-id using 'SELECT * FROM `companies` WHERE `id` = ?' and 1 args, got 1 result
18:10:12.333 [JavaFX Application Thread] DEBUG c.j.o.s.mapped.BaseMappedStatement - query-for-id using 'SELECT * FROM `companies` WHERE `id` = ?' and 1 args, got 1 result
18:10:12.334 [JavaFX Application Thread] DEBUG c.j.o.s.mapped.BaseMappedStatement - query-for-id using 'SELECT * FROM `companies` WHERE `id` = ?' and 1 args, got 1 result
18:10:12.335 [JavaFX Application Thread] DEBUG c.j.o.s.mapped.BaseMappedStatement - query-for-id using 'SELECT * FROM `companies` WHERE `id` = ?' and 1 args, got 1 result
18:10:12.336 [JavaFX Application Thread] DEBUG c.j.o.s.mapped.BaseMappedStatement - query-for-id using 'SELECT * FROM `companies` WHERE `id` = ?' and 1 args, got 1 result
18:10:12.336 [JavaFX Application Thread] DEBUG c.j.o.s.mapped.BaseMappedStatement - query-for-id using 'SELECT * FROM `companies` WHERE `id` = ?' and 1 args, got 1 result
18:10:12.337 [JavaFX Application Thread] DEBUG c.j.o.s.mapped.BaseMappedStatement - query-for-id using 'SELECT * FROM `companies` WHERE `id` = ?' and 1 args, got 1 result
18:10:12.338 [JavaFX Application Thread] DEBUG c.j.o.s.mapped.BaseMappedStatement - query-for-id using 'SELECT * FROM `companies` WHERE `id` = ?' and 1 args, got 1 result
18:10:12.338 [JavaFX Application Thread] DEBUG c.j.o.s.mapped.BaseMappedStatement - query-for-id using 'SELECT * FROM `companies` WHERE `id` = ?' and 1 args, got 1 result
18:10:12.339 [JavaFX Application Thread] DEBUG c.j.o.s.mapped.BaseMappedStatement - query-for-id using 'SELECT * FROM `companies` WHERE `id` = ?' and 1 args, got 1 result
18:10:12.340 [JavaFX Application Thread] DEBUG c.j.o.s.mapped.BaseMappedStatement - query-for-id using 'SELECT * FROM `companies` WHERE `id` = ?' and 1 args, got 1 result
18:10:12.341 [JavaFX Application Thread] DEBUG c.j.o.s.mapped.BaseMappedStatement - query-for-id using 'SELECT * FROM `companies` WHERE `id` = ?' and 1 args, got 1 result
18:10:12.341 [JavaFX Application Thread] DEBUG c.j.o.s.mapped.BaseMappedStatement - query-for-id using 'SELECT * FROM `companies` WHERE `id` = ?' and 1 args, got 1 result
18:10:12.341 [JavaFX Application Thread] DEBUG com.j256.ormlite.stmt.SelectIterator - closed iterator @1542214806 after 28 rows
18:10:12.341 [JavaFX Application Thread] DEBUG c.j.ormlite.stmt.StatementExecutor - query of 'SELECT * FROM `contacts`' with 0 args returned 28 results
18:10:12.471 [JavaFX Application Thread] DEBUG c.j.o.s.mapped.BaseMappedStatement - prepared statement 'SELECT * FROM `contacts`' with 0 args
18:10:12.472 [JavaFX Application Thread] DEBUG com.j256.ormlite.stmt.SelectIterator - starting iterator @1780832135 for 'SELECT * FROM `contacts`'
18:10:12.472 [JavaFX Application Thread] DEBUG c.j.o.s.mapped.BaseMappedStatement - query-for-id using 'SELECT * FROM `companies` WHERE `id` = ?' and 1 args, got 1 result
18:10:12.473 [JavaFX Application Thread] DEBUG c.j.o.s.mapped.BaseMappedStatement - query-for-id using 'SELECT * FROM `companies` WHERE `id` = ?' and 1 args, got 1 result
18:10:12.473 [JavaFX Application Thread] DEBUG c.j.o.s.mapped.BaseMappedStatement - query-for-id using 'SELECT * FROM `companies` WHERE `id` = ?' and 1 args, got 1 result
18:10:12.474 [JavaFX Application Thread] DEBUG c.j.o.s.mapped.BaseMappedStatement - query-for-id using 'SELECT * FROM `companies` WHERE `id` = ?' and 1 args, got 1 result
18:10:12.475 [JavaFX Application Thread] DEBUG c.j.o.s.mapped.BaseMappedStatement - query-for-id using 'SELECT * FROM `companies` WHERE `id` = ?' and 1 args, got 1 result
18:10:12.475 [JavaFX Application Thread] DEBUG c.j.o.s.mapped.BaseMappedStatement - query-for-id using 'SELECT * FROM `companies` WHERE `id` = ?' and 1 args, got 1 result
18:10:12.476 [JavaFX Application Thread] DEBUG c.j.o.s.mapped.BaseMappedStatement - query-for-id using 'SELECT * FROM `companies` WHERE `id` = ?' and 1 args, got 1 result
18:10:12.476 [JavaFX Application Thread] DEBUG c.j.o.s.mapped.BaseMappedStatement - query-for-id using 'SELECT * FROM `companies` WHERE `id` = ?' and 1 args, got 1 result
18:10:12.477 [JavaFX Application Thread] DEBUG c.j.o.s.mapped.BaseMappedStatement - query-for-id using 'SELECT * FROM `companies` WHERE `id` = ?' and 1 args, got 1 result
18:10:12.477 [JavaFX Application Thread] DEBUG c.j.o.s.mapped.BaseMappedStatement - query-for-id using 'SELECT * FROM `companies` WHERE `id` = ?' and 1 args, got 1 result
18:10:12.478 [JavaFX Application Thread] DEBUG c.j.o.s.mapped.BaseMappedStatement - query-for-id using 'SELECT * FROM `companies` WHERE `id` = ?' and 1 args, got 1 result
18:10:12.478 [JavaFX Application Thread] DEBUG c.j.o.s.mapped.BaseMappedStatement - query-for-id using 'SELECT * FROM `companies` WHERE `id` = ?' and 1 args, got 1 result
18:10:12.479 [JavaFX Application Thread] DEBUG c.j.o.s.mapped.BaseMappedStatement - query-for-id using 'SELECT * FROM `companies` WHERE `id` = ?' and 1 args, got 1 result
18:10:12.479 [JavaFX Application Thread] DEBUG c.j.o.s.mapped.BaseMappedStatement - query-for-id using 'SELECT * FROM `companies` WHERE `id` = ?' and 1 args, got 1 result
18:10:12.480 [JavaFX Application Thread] DEBUG c.j.o.s.mapped.BaseMappedStatement - query-for-id using 'SELECT * FROM `companies` WHERE `id` = ?' and 1 args, got 1 result
18:10:12.481 [JavaFX Application Thread] DEBUG c.j.o.s.mapped.BaseMappedStatement - query-for-id using 'SELECT * FROM `companies` WHERE `id` = ?' and 1 args, got 1 result
18:10:12.483 [JavaFX Application Thread] DEBUG c.j.o.s.mapped.BaseMappedStatement - query-for-id using 'SELECT * FROM `companies` WHERE `id` = ?' and 1 args, got 1 result
18:10:12.484 [JavaFX Application Thread] DEBUG c.j.o.s.mapped.BaseMappedStatement - query-for-id using 'SELECT * FROM `companies` WHERE `id` = ?' and 1 args, got 1 result
18:10:12.484 [JavaFX Application Thread] DEBUG c.j.o.s.mapped.BaseMappedStatement - query-for-id using 'SELECT * FROM `companies` WHERE `id` = ?' and 1 args, got 1 result
18:10:12.484 [JavaFX Application Thread] DEBUG c.j.o.s.mapped.BaseMappedStatement - query-for-id using 'SELECT * FROM `companies` WHERE `id` = ?' and 1 args, got 1 result
18:10:12.485 [JavaFX Application Thread] DEBUG c.j.o.s.mapped.BaseMappedStatement - query-for-id using 'SELECT * FROM `companies` WHERE `id` = ?' and 1 args, got 1 result
18:10:12.485 [JavaFX Application Thread] DEBUG c.j.o.s.mapped.BaseMappedStatement - query-for-id using 'SELECT * FROM `companies` WHERE `id` = ?' and 1 args, got 1 result
18:10:12.486 [JavaFX Application Thread] DEBUG c.j.o.s.mapped.BaseMappedStatement - query-for-id using 'SELECT * FROM `companies` WHERE `id` = ?' and 1 args, got 1 result
18:10:12.486 [JavaFX Application Thread] DEBUG c.j.o.s.mapped.BaseMappedStatement - query-for-id using 'SELECT * FROM `companies` WHERE `id` = ?' and 1 args, got 1 result
18:10:12.487 [JavaFX Application Thread] DEBUG c.j.o.s.mapped.BaseMappedStatement - query-for-id using 'SELECT * FROM `companies` WHERE `id` = ?' and 1 args, got 1 result
18:10:12.487 [JavaFX Application Thread] DEBUG c.j.o.s.mapped.BaseMappedStatement - query-for-id using 'SELECT * FROM `companies` WHERE `id` = ?' and 1 args, got 1 result
18:10:12.488 [JavaFX Application Thread] DEBUG c.j.o.s.mapped.BaseMappedStatement - query-for-id using 'SELECT * FROM `companies` WHERE `id` = ?' and 1 args, got 1 result
18:10:12.488 [JavaFX Application Thread] DEBUG c.j.o.s.mapped.BaseMappedStatement - query-for-id using 'SELECT * FROM `companies` WHERE `id` = ?' and 1 args, got 1 result
18:10:12.488 [JavaFX Application Thread] DEBUG com.j256.ormlite.stmt.SelectIterator - closed iterator @1780832135 after 28 rows
18:10:12.488 [JavaFX Application Thread] DEBUG c.j.ormlite.stmt.StatementExecutor - query of 'SELECT * FROM `contacts`' with 0 args returned 28 results
